<?xml version="1.0" encoding="UTF-8"?>
<!-- Generated by org.testng.reporters.JUnitXMLReporter -->
<testsuite hostname="dinesh" ignored="0" name="Chrome tests" tests="2" failures="0" timestamp="13 Mar 2018 07:29:15 GMT" time="0.013" errors="0">
  <testcase name="@BeforeTest setupApplication" time="0.001" classname="sample.BaseClass">
    <failure type="org.openqa.selenium.NoSuchSessionException" message="Session ID is null. Using WebDriver after calling quit()?
Build info: version: &amp;apos;3.10.0&amp;apos;, revision: &amp;apos;176b4a9&amp;apos;, time: &amp;apos;2018-03-02T19:11:12.151Z&amp;apos;
System info: host: &amp;apos;dinesh&amp;apos;, ip: &amp;apos;127.0.1.1&amp;apos;, os.name: &amp;apos;Linux&amp;apos;, os.arch: &amp;apos;amd64&amp;apos;, os.version: &amp;apos;4.13.0-36-generic&amp;apos;, java.version: &amp;apos;1.8.0_161&amp;apos;
Driver info: driver.version: RemoteWebDriver">
      <![CDATA[org.openqa.selenium.NoSuchSessionException: Session ID is null. Using WebDriver after calling quit()?
Build info: version: '3.10.0', revision: '176b4a9', time: '2018-03-02T19:11:12.151Z'
System info: host: 'dinesh', ip: '127.0.1.1', os.name: 'Linux', os.arch: 'amd64', os.version: '4.13.0-36-generic', java.version: '1.8.0_161'
Driver info: driver.version: RemoteWebDriver
at org.openqa.selenium.remote.HttpCommandExecutor.execute(HttpCommandExecutor.java:127)
at org.openqa.selenium.remote.service.DriverCommandExecutor.execute(DriverCommandExecutor.java:83)
at org.openqa.selenium.remote.RemoteWebDriver.execute(RemoteWebDriver.java:601)
at org.openqa.selenium.remote.RemoteWebDriver.get(RemoteWebDriver.java:325)
at sample.BaseClass.setupApplication(BaseClass.java:42)
... Removed 24 stack frames]]>
    </failure>
  </testcase> <!-- @BeforeTest setupApplication -->
  <testcase name="@AfterTest closeApplication" time="0.0" classname="sample.BaseClass">
    <skipped/>
  </testcase> <!-- @AfterTest closeApplication -->
  <testcase name="Invalid" time="0.0" classname="sample.InvalidLogin">
    <skipped/>
  </testcase> <!-- Invalid -->
  <testcase name="Valid" time="0.0" classname="sample.InvalidLogin">
    <skipped/>
  </testcase> <!-- Valid -->
</testsuite> <!-- Chrome tests -->
