<?xml version="1.0" encoding="UTF-8"?>
<!-- Generated by org.testng.reporters.JUnitXMLReporter -->
<testsuite hostname="dinesh" ignored="0" name="Test" tests="3" failures="0" timestamp="10 Mar 2018 06:36:52 GMT" time="4.364" errors="0">
  <testcase name="@BeforeTest setup" time="4.321" classname="test.Test99GuruLogin">
    <failure type="org.openqa.selenium.WebDriverException" message="Failed to decode response from marionette
Build info: version: &amp;apos;3.10.0&amp;apos;, revision: &amp;apos;176b4a9&amp;apos;, time: &amp;apos;2018-03-02T19:11:12.151Z&amp;apos;
System info: host: &amp;apos;dinesh&amp;apos;, ip: &amp;apos;127.0.1.1&amp;apos;, os.name: &amp;apos;Linux&amp;apos;, os.arch: &amp;apos;amd64&amp;apos;, os.version: &amp;apos;4.13.0-36-generic&amp;apos;, java.version: &amp;apos;1.8.0_161&amp;apos;
Driver info: org.openqa.selenium.firefox.FirefoxDriver
Capabilities {acceptInsecureCerts: true, browserName: firefox, browserVersion: 54.0, javascriptEnabled: true, moz:accessibilityChecks: false, moz:processID: 15538, moz:profile: /tmp/rust_mozprofile.xzimlZ..., pageLoadStrategy: normal, platform: LINUX, platformName: LINUX, platformVersion: 4.13.0-36-generic, rotatable: false, specificationLevel: 0, timeouts: {implicit: 0, pageLoad: 300000, script: 30000}}
Session ID: dda53530-4c11-4efc-84ee-58e2ea34000c">
      <![CDATA[org.openqa.selenium.WebDriverException: Failed to decode response from marionette
Build info: version: '3.10.0', revision: '176b4a9', time: '2018-03-02T19:11:12.151Z'
System info: host: 'dinesh', ip: '127.0.1.1', os.name: 'Linux', os.arch: 'amd64', os.version: '4.13.0-36-generic', java.version: '1.8.0_161'
Driver info: org.openqa.selenium.firefox.FirefoxDriver
Capabilities {acceptInsecureCerts: true, browserName: firefox, browserVersion: 54.0, javascriptEnabled: true, moz:accessibilityChecks: false, moz:processID: 15538, moz:profile: /tmp/rust_mozprofile.xzimlZ..., pageLoadStrategy: normal, platform: LINUX, platformName: LINUX, platformVersion: 4.13.0-36-generic, rotatable: false, specificationLevel: 0, timeouts: {implicit: 0, pageLoad: 300000, script: 30000}}
Session ID: dda53530-4c11-4efc-84ee-58e2ea34000c
at org.openqa.selenium.remote.http.W3CHttpResponseCodec.createException(W3CHttpResponseCodec.java:187)
at org.openqa.selenium.remote.http.W3CHttpResponseCodec.decode(W3CHttpResponseCodec.java:122)
at org.openqa.selenium.remote.http.W3CHttpResponseCodec.decode(W3CHttpResponseCodec.java:49)
at org.openqa.selenium.remote.HttpCommandExecutor.execute(HttpCommandExecutor.java:160)
at org.openqa.selenium.remote.service.DriverCommandExecutor.execute(DriverCommandExecutor.java:83)
at org.openqa.selenium.remote.RemoteWebDriver.execute(RemoteWebDriver.java:601)
at org.openqa.selenium.remote.RemoteWebDriver.get(RemoteWebDriver.java:325)
at test.Test99GuruLogin.setup(Test99GuruLogin.java:24)
... Removed 28 stack frames]]>
    </failure>
  </testcase> <!-- @BeforeTest setup -->
  <testcase name="@BeforeTest setup" time="0.0" classname="test.Test99GuruLoginWithPageFactory">
    <skipped/>
  </testcase> <!-- @BeforeTest setup -->
  <testcase name="test_Home_Page_Appear_Correct" time="0.0" classname="test.Test99GuruLogin">
    <skipped/>
  </testcase> <!-- test_Home_Page_Appear_Correct -->
  <testcase name="test_Home_Page_Appear_Correct" time="0.0" classname="test.Test99GuruLoginWithPageFactory">
    <skipped/>
  </testcase> <!-- test_Home_Page_Appear_Correct -->
  <testcase name="test_Home_Page_Appear_Correct" time="0.0" classname="test.NoPOMTest99GuruLogin">
    <skipped/>
  </testcase> <!-- test_Home_Page_Appear_Correct -->
</testsuite> <!-- Test -->
